{"total": {"lines":{"total":17859,"covered":12906,"skipped":0,"pct":72.26},"statements":{"total":17859,"covered":12906,"skipped":0,"pct":72.26},"functions":{"total":1087,"covered":897,"skipped":0,"pct":82.52},"branches":{"total":5720,"covered":4446,"skipped":0,"pct":77.72},"branchesTrue":{"total":0,"covered":0,"skipped":0,"pct":100}}
,"D:\\Career\\webnovel_pro\\obsidian-webnovel-assistant-main\\src\\console\\application\\ActionProjectionService.ts": {"lines":{"total":27,"covered":27,"skipped":0,"pct":100},"functions":{"total":8,"covered":7,"skipped":0,"pct":87.5},"statements":{"total":27,"covered":27,"skipped":0,"pct":100},"branches":{"total":51,"covered":43,"skipped":0,"pct":84.31}}
,"D:\\Career\\webnovel_pro\\obsidian-webnovel-assistant-main\\src\\console\\application\\ChangesQuery.ts": {"lines":{"total":9,"covered":9,"skipped":0,"pct":100},"functions":{"total":2,"covered":2,"skipped":0,"pct":100},"statements":{"total":9,"covered":9,"skipped":0,"pct":100},"branches":{"total":8,"covered":7,"skipped":0,"pct":87.5}}
,"D:\\Career\\webnovel_pro\\obsidian-webnovel-assistant-main\\src\\console\\application\\ChapterWorkspaceQuery.ts": {"lines":{"total":20,"covered":20,"skipped":0,"pct":100},"functions":{"total":5,"covered":5,"skipped":0,"pct":100},"statements":{"total":20,"covered":20,"skipped":0,"pct":100},"branches":{"total":18,"covered":16,"skipped":0,"pct":88.88}}
,"D:\\Career\\webnovel_pro\\obsidian-webnovel-assistant-main\\src\\console\\application\\ConsoleApplication.ts": {"lines":{"total":261,"covered":259,"skipped":0,"pct":99.23},"functions":{"total":65,"covered":56,"skipped":0,"pct":86.15},"statements":{"total":261,"covered":259,"skipped":0,"pct":99.23},"branches":{"total":181,"covered":141,"skipped":0,"pct":77.9}}
,"D:\\Career\\webnovel_pro\\obsidian-webnovel-assistant-main\\src\\console\\application\\ContextPlanner.ts": {"lines":{"total":102,"covered":102,"skipped":0,"pct":100},"functions":{"total":7,"covered":7,"skipped":0,"pct":100},"statements":{"total":102,"covered":102,"skipped":0,"pct":100},"branches":{"total":89,"covered":80,"skipped":0,"pct":89.88}}
,"D:\\Career\\webnovel_pro\\obsidian-webnovel-assistant-main\\src\\console\\application\\ControlOverviewQuery.ts": {"lines":{"total":21,"covered":21,"skipped":0,"pct":100},"functions":{"total":3,"covered":3,"skipped":0,"pct":100},"statements":{"total":21,"covered":21,"skipped":0,"pct":100},"branches":{"total":12,"covered":10,"skipped":0,"pct":83.33}}
,"D:\\Career\\webnovel_pro\\obsidian-webnovel-assistant-main\\src\\console\\application\\CursorQuery.ts": {"lines":{"total":22,"covered":22,"skipped":0,"pct":100},"functions":{"total":3,"covered":3,"skipped":0,"pct":100},"statements":{"total":22,"covered":22,"skipped":0,"pct":100},"branches":{"total":9,"covered":6,"skipped":0,"pct":66.66}}
,"D:\\Career\\webnovel_pro\\obsidian-webnovel-assistant-main\\src\\console\\application\\DashboardQuery.ts": {"lines":{"total":26,"covered":26,"skipped":0,"pct":100},"functions":{"total":3,"covered":3,"skipped":0,"pct":100},"statements":{"total":26,"covered":26,"skipped":0,"pct":100},"branches":{"total":19,"covered":17,"skipped":0,"pct":89.47}}
,"D:\\Career\\webnovel_pro\\obsidian-webnovel-assistant-main\\src\\console\\application\\EntityCenters.ts": {"lines":{"total":11,"covered":11,"skipped":0,"pct":100},"functions":{"total":6,"covered":5,"skipped":0,"pct":83.33},"statements":{"total":11,"covered":11,"skipped":0,"pct":100},"branches":{"total":40,"covered":35,"skipped":0,"pct":87.5}}
,"D:\\Career\\webnovel_pro\\obsidian-webnovel-assistant-main\\src\\console\\application\\EntityQuery.ts": {"lines":{"total":9,"covered":9,"skipped":0,"pct":100},"functions":{"total":2,"covered":2,"skipped":0,"pct":100},"statements":{"total":9,"covered":9,"skipped":0,"pct":100},"branches":{"total":5,"covered":4,"skipped":0,"pct":80}}
,"D:\\Career\\webnovel_pro\\obsidian-webnovel-assistant-main\\src\\console\\application\\EventCommands.ts": {"lines":{"total":33,"covered":33,"skipped":0,"pct":100},"functions":{"total":6,"covered":6,"skipped":0,"pct":100},"statements":{"total":33,"covered":33,"skipped":0,"pct":100},"branches":{"total":50,"covered":45,"skipped":0,"pct":90}}
,"D:\\Career\\webnovel_pro\\obsidian-webnovel-assistant-main\\src\\console\\application\\EventGraph.ts": {"lines":{"total":40,"covered":40,"skipped":0,"pct":100},"functions":{"total":4,"covered":4,"skipped":0,"pct":100},"statements":{"total":40,"covered":40,"skipped":0,"pct":100},"branches":{"total":44,"covered":43,"skipped":0,"pct":97.72}}
,"D:\\Career\\webnovel_pro\\obsidian-webnovel-assistant-main\\src\\console\\application\\ForeshadowingActionRules.ts": {"lines":{"total":18,"covered":18,"skipped":0,"pct":100},"functions":{"total":4,"covered":4,"skipped":0,"pct":100},"statements":{"total":18,"covered":18,"skipped":0,"pct":100},"branches":{"total":19,"covered":15,"skipped":0,"pct":78.94}}
,"D:\\Career\\webnovel_pro\\obsidian-webnovel-assistant-main\\src\\console\\application\\HealthRuleRegistry.ts": {"lines":{"total":37,"covered":37,"skipped":0,"pct":100},"functions":{"total":5,"covered":5,"skipped":0,"pct":100},"statements":{"total":37,"covered":37,"skipped":0,"pct":100},"branches":{"total":81,"covered":59,"skipped":0,"pct":72.83}}
,"D:\\Career\\webnovel_pro\\obsidian-webnovel-assistant-main\\src\\console\\application\\IdRegistryQuery.ts": {"lines":{"total":19,"covered":19,"skipped":0,"pct":100},"functions":{"total":2,"covered":2,"skipped":0,"pct":100},"statements":{"total":19,"covered":19,"skipped":0,"pct":100},"branches":{"total":19,"covered":17,"skipped":0,"pct":89.47}}
,"D:\\Career\\webnovel_pro\\obsidian-webnovel-assistant-main\\src\\console\\application\\ManuscriptQuery.ts": {"lines":{"total":21,"covered":21,"skipped":0,"pct":100},"functions":{"total":4,"covered":4,"skipped":0,"pct":100},"statements":{"total":21,"covered":21,"skipped":0,"pct":100},"branches":{"total":28,"covered":21,"skipped":0,"pct":75}}
,"D:\\Career\\webnovel_pro\\obsidian-webnovel-assistant-main\\src\\console\\application\\MilestoneEvaluator.ts": {"lines":{"total":42,"covered":42,"skipped":0,"pct":100},"functions":{"total":6,"covered":6,"skipped":0,"pct":100},"statements":{"total":42,"covered":42,"skipped":0,"pct":100},"branches":{"total":46,"covered":36,"skipped":0,"pct":78.26}}
,"D:\\Career\\webnovel_pro\\obsidian-webnovel-assistant-main\\src\\console\\application\\NarrativeLevelQuery.ts": {"lines":{"total":15,"covered":15,"skipped":0,"pct":100},"functions":{"total":3,"covered":3,"skipped":0,"pct":100},"statements":{"total":15,"covered":15,"skipped":0,"pct":100},"branches":{"total":6,"covered":6,"skipped":0,"pct":100}}
,"D:\\Career\\webnovel_pro\\obsidian-webnovel-assistant-main\\src\\console\\application\\NarrativeTreeQuery.ts": {"lines":{"total":71,"covered":71,"skipped":0,"pct":100},"functions":{"total":8,"covered":8,"skipped":0,"pct":100},"statements":{"total":71,"covered":71,"skipped":0,"pct":100},"branches":{"total":62,"covered":51,"skipped":0,"pct":82.25}}
,"D:\\Career\\webnovel_pro\\obsidian-webnovel-assistant-main\\src\\console\\application\\ProgressionCommands.ts": {"lines":{"total":47,"covered":45,"skipped":0,"pct":95.74},"functions":{"total":11,"covered":11,"skipped":0,"pct":100},"statements":{"total":47,"covered":45,"skipped":0,"pct":95.74},"branches":{"total":29,"covered":18,"skipped":0,"pct":62.06}}
,"D:\\Career\\webnovel_pro\\obsidian-webnovel-assistant-main\\src\\console\\application\\ProgressionImpactAnalyzer.ts": {"lines":{"total":45,"covered":45,"skipped":0,"pct":100},"functions":{"total":5,"covered":5,"skipped":0,"pct":100},"statements":{"total":45,"covered":45,"skipped":0,"pct":100},"branches":{"total":51,"covered":46,"skipped":0,"pct":90.19}}
,"D:\\Career\\webnovel_pro\\obsidian-webnovel-assistant-main\\src\\console\\application\\SuggestionCommands.ts": {"lines":{"total":11,"covered":11,"skipped":0,"pct":100},"functions":{"total":3,"covered":3,"skipped":0,"pct":100},"statements":{"total":11,"covered":11,"skipped":0,"pct":100},"branches":{"total":7,"covered":6,"skipped":0,"pct":85.71}}
,"D:\\Career\\webnovel_pro\\obsidian-webnovel-assistant-main\\src\\console\\application\\SuggestionService.ts": {"lines":{"total":13,"covered":13,"skipped":0,"pct":100},"functions":{"total":1,"covered":1,"skipped":0,"pct":100},"statements":{"total":13,"covered":13,"skipped":0,"pct":100},"branches":{"total":9,"covered":9,"skipped":0,"pct":100}}
,"D:\\Career\\webnovel_pro\\obsidian-webnovel-assistant-main\\src\\console\\application\\TimelineProjectionQuery.ts": {"lines":{"total":37,"covered":36,"skipped":0,"pct":97.29},"functions":{"total":4,"covered":4,"skipped":0,"pct":100},"statements":{"total":37,"covered":36,"skipped":0,"pct":97.29},"branches":{"total":44,"covered":27,"skipped":0,"pct":61.36}}
,"D:\\Career\\webnovel_pro\\obsidian-webnovel-assistant-main\\src\\console\\application\\commands.ts": {"lines":{"total":86,"covered":85,"skipped":0,"pct":98.83},"functions":{"total":9,"covered":9,"skipped":0,"pct":100},"statements":{"total":86,"covered":85,"skipped":0,"pct":98.83},"branches":{"total":25,"covered":23,"skipped":0,"pct":92}}
,"D:\\Career\\webnovel_pro\\obsidian-webnovel-assistant-main\\src\\console\\application\\index.ts": {"lines":{"total":25,"covered":25,"skipped":0,"pct":100},"functions":{"total":0,"covered":0,"skipped":0,"pct":100},"statements":{"total":25,"covered":25,"skipped":0,"pct":100},"branches":{"total":0,"covered":0,"skipped":0,"pct":100}}
,"D:\\Career\\webnovel_pro\\obsidian-webnovel-assistant-main\\src\\console\\domain\\availability.ts": {"lines":{"total":39,"covered":37,"skipped":0,"pct":94.87},"functions":{"total":3,"covered":2,"skipped":0,"pct":66.66},"statements":{"total":39,"covered":37,"skipped":0,"pct":94.87},"branches":{"total":2,"covered":2,"skipped":0,"pct":100}}
,"D:\\Career\\webnovel_pro\\obsidian-webnovel-assistant-main\\src\\console\\domain\\changes.ts": {"lines":{"total":0,"covered":0,"skipped":0,"pct":100},"functions":{"total":0,"covered":0,"skipped":0,"pct":100},"statements":{"total":0,"covered":0,"skipped":0,"pct":100},"branches":{"total":0,"covered":0,"skipped":0,"pct":100}}
,"D:\\Career\\webnovel_pro\\obsidian-webnovel-assistant-main\\src\\console\\domain\\diagnostics.ts": {"lines":{"total":0,"covered":0,"skipped":0,"pct":100},"functions":{"total":0,"covered":0,"skipped":0,"pct":100},"statements":{"total":0,"covered":0,"skipped":0,"pct":100},"branches":{"total":0,"covered":0,"skipped":0,"pct":100}}
,"D:\\Career\\webnovel_pro\\obsidian-webnovel-assistant-main\\src\\console\\domain\\entities.ts": {"lines":{"total":32,"covered":32,"skipped":0,"pct":100},"functions":{"total":2,"covered":2,"skipped":0,"pct":100},"statements":{"total":32,"covered":32,"skipped":0,"pct":100},"branches":{"total":8,"covered":8,"skipped":0,"pct":100}}
,"D:\\Career\\webnovel_pro\\obsidian-webnovel-assistant-main\\src\\console\\domain\\events.ts": {"lines":{"total":24,"covered":24,"skipped":0,"pct":100},"functions":{"total":3,"covered":3,"skipped":0,"pct":100},"statements":{"total":24,"covered":24,"skipped":0,"pct":100},"branches":{"total":6,"covered":3,"skipped":0,"pct":50}}
,"D:\\Career\\webnovel_pro\\obsidian-webnovel-assistant-main\\src\\console\\domain\\index.ts": {"lines":{"total":11,"covered":11,"skipped":0,"pct":100},"functions":{"total":0,"covered":0,"skipped":0,"pct":100},"statements":{"total":11,"covered":11,"skipped":0,"pct":100},"branches":{"total":0,"covered":0,"skipped":0,"pct":100}}
,"D:\\Career\\webnovel_pro\\obsidian-webnovel-assistant-main\\src\\console\\domain\\knowledge.ts": {"lines":{"total":0,"covered":0,"skipped":0,"pct":100},"functions":{"total":0,"covered":0,"skipped":0,"pct":100},"statements":{"total":0,"covered":0,"skipped":0,"pct":100},"branches":{"total":0,"covered":0,"skipped":0,"pct":100}}
,"D:\\Career\\webnovel_pro\\obsidian-webnovel-assistant-main\\src\\console\\domain\\milestones.ts": {"lines":{"total":1,"covered":1,"skipped":0,"pct":100},"functions":{"total":0,"covered":0,"skipped":0,"pct":100},"statements":{"total":1,"covered":1,"skipped":0,"pct":100},"branches":{"total":0,"covered":0,"skipped":0,"pct":100}}
,"D:\\Career\\webnovel_pro\\obsidian-webnovel-assistant-main\\src\\console\\domain\\normalization.ts": {"lines":{"total":9,"covered":9,"skipped":0,"pct":100},"functions":{"total":1,"covered":1,"skipped":0,"pct":100},"statements":{"total":9,"covered":9,"skipped":0,"pct":100},"branches":{"total":8,"covered":8,"skipped":0,"pct":100}}
,"D:\\Career\\webnovel_pro\\obsidian-webnovel-assistant-main\\src\\console\\domain\\relations.ts": {"lines":{"total":0,"covered":0,"skipped":0,"pct":100},"functions":{"total":0,"covered":0,"skipped":0,"pct":100},"statements":{"total":0,"covered":0,"skipped":0,"pct":100},"branches":{"total":0,"covered":0,"skipped":0,"pct":100}}
,"D:\\Career\\webnovel_pro\\obsidian-webnovel-assistant-main\\src\\console\\domain\\schema.ts": {"lines":{"total":6,"covered":6,"skipped":0,"pct":100},"functions":{"total":0,"covered":0,"skipped":0,"pct":100},"statements":{"total":6,"covered":6,"skipped":0,"pct":100},"branches":{"total":0,"covered":0,"skipped":0,"pct":100}}
,"D:\\Career\\webnovel_pro\\obsidian-webnovel-assistant-main\\src\\console\\domain\\tasks.ts": {"lines":{"total":13,"covered":13,"skipped":0,"pct":100},"functions":{"total":2,"covered":2,"skipped":0,"pct":100},"statements":{"total":13,"covered":13,"skipped":0,"pct":100},"branches":{"total":4,"covered":3,"skipped":0,"pct":75}}
,"D:\\Career\\webnovel_pro\\obsidian-webnovel-assistant-main\\src\\console\\persistence\\AuditRepository.ts": {"lines":{"total":32,"covered":32,"skipped":0,"pct":100},"functions":{"total":6,"covered":5,"skipped":0,"pct":83.33},"statements":{"total":32,"covered":32,"skipped":0,"pct":100},"branches":{"total":15,"covered":13,"skipped":0,"pct":86.66}}
,"D:\\Career\\webnovel_pro\\obsidian-webnovel-assistant-main\\src\\console\\persistence\\ChapterWorkspaceCommandService.ts": {"lines":{"total":44,"covered":41,"skipped":0,"pct":93.18},"functions":{"total":4,"covered":4,"skipped":0,"pct":100},"statements":{"total":44,"covered":41,"skipped":0,"pct":93.18},"branches":{"total":33,"covered":28,"skipped":0,"pct":84.84}}
,"D:\\Career\\webnovel_pro\\obsidian-webnovel-assistant-main\\src\\console\\persistence\\ContextOutputRepository.ts": {"lines":{"total":45,"covered":45,"skipped":0,"pct":100},"functions":{"total":10,"covered":10,"skipped":0,"pct":100},"statements":{"total":45,"covered":45,"skipped":0,"pct":100},"branches":{"total":33,"covered":25,"skipped":0,"pct":75.75}}
,"D:\\Career\\webnovel_pro\\obsidian-webnovel-assistant-main\\src\\console\\persistence\\CreativeTaskRepository.ts": {"lines":{"total":47,"covered":47,"skipped":0,"pct":100},"functions":{"total":16,"covered":16,"skipped":0,"pct":100},"statements":{"total":47,"covered":47,"skipped":0,"pct":100},"branches":{"total":80,"covered":57,"skipped":0,"pct":71.25}}
,"D:\\Career\\webnovel_pro\\obsidian-webnovel-assistant-main\\src\\console\\persistence\\EventRepository.ts": {"lines":{"total":93,"covered":93,"skipped":0,"pct":100},"functions":{"total":19,"covered":19,"skipped":0,"pct":100},"statements":{"total":93,"covered":93,"skipped":0,"pct":100},"branches":{"total":83,"covered":62,"skipped":0,"pct":74.69}}
,"D:\\Career\\webnovel_pro\\obsidian-webnovel-assistant-main\\src\\console\\persistence\\ForeshadowingCommandService.ts": {"lines":{"total":7,"covered":7,"skipped":0,"pct":100},"functions":{"total":4,"covered":4,"skipped":0,"pct":100},"statements":{"total":7,"covered":7,"skipped":0,"pct":100},"branches":{"total":23,"covered":19,"skipped":0,"pct":82.6}}
,"D:\\Career\\webnovel_pro\\obsidian-webnovel-assistant-main\\src\\console\\persistence\\MarkdownChangePlanner.ts": {"lines":{"total":75,"covered":75,"skipped":0,"pct":100},"functions":{"total":7,"covered":7,"skipped":0,"pct":100},"statements":{"total":75,"covered":75,"skipped":0,"pct":100},"branches":{"total":63,"covered":54,"skipped":0,"pct":85.71}}
,"D:\\Career\\webnovel_pro\\obsidian-webnovel-assistant-main\\src\\console\\persistence\\ObsidianTransactionPort.ts": {"lines":{"total":67,"covered":64,"skipped":0,"pct":95.52},"functions":{"total":13,"covered":13,"skipped":0,"pct":100},"statements":{"total":67,"covered":64,"skipped":0,"pct":95.52},"branches":{"total":25,"covered":21,"skipped":0,"pct":84}}
,"D:\\Career\\webnovel_pro\\obsidian-webnovel-assistant-main\\src\\console\\persistence\\ProjectStateRepository.ts": {"lines":{"total":60,"covered":60,"skipped":0,"pct":100},"functions":{"total":11,"covered":11,"skipped":0,"pct":100},"statements":{"total":60,"covered":60,"skipped":0,"pct":100},"branches":{"total":53,"covered":49,"skipped":0,"pct":92.45}}
,"D:\\Career\\webnovel_pro\\obsidian-webnovel-assistant-main\\src\\console\\persistence\\SuggestionDecisionRepository.ts": {"lines":{"total":14,"covered":14,"skipped":0,"pct":100},"functions":{"total":7,"covered":7,"skipped":0,"pct":100},"statements":{"total":14,"covered":14,"skipped":0,"pct":100},"branches":{"total":25,"covered":22,"skipped":0,"pct":88}}
,"D:\\Career\\webnovel_pro\\obsidian-webnovel-assistant-main\\src\\console\\persistence\\TransactionExecutor.ts": {"lines":{"total":140,"covered":136,"skipped":0,"pct":97.14},"functions":{"total":11,"covered":11,"skipped":0,"pct":100},"statements":{"total":140,"covered":136,"skipped":0,"pct":97.14},"branches":{"total":89,"covered":75,"skipped":0,"pct":84.26}}
,"D:\\Career\\webnovel_pro\\obsidian-webnovel-assistant-main\\src\\console\\persistence\\index.ts": {"lines":{"total":12,"covered":12,"skipped":0,"pct":100},"functions":{"total":0,"covered":0,"skipped":0,"pct":100},"statements":{"total":12,"covered":12,"skipped":0,"pct":100},"branches":{"total":0,"covered":0,"skipped":0,"pct":100}}
,"D:\\Career\\webnovel_pro\\obsidian-webnovel-assistant-main\\src\\core\\CommandManager.ts": {"lines":{"total":743,"covered":379,"skipped":0,"pct":51},"functions":{"total":57,"covered":22,"skipped":0,"pct":38.59},"statements":{"total":743,"covered":379,"skipped":0,"pct":51},"branches":{"total":48,"covered":44,"skipped":0,"pct":91.66}}
,"D:\\Career\\webnovel_pro\\obsidian-webnovel-assistant-main\\src\\core\\MenuManager.ts": {"lines":{"total":362,"covered":0,"skipped":0,"pct":0},"functions":{"total":1,"covered":0,"skipped":0,"pct":0},"statements":{"total":362,"covered":0,"skipped":0,"pct":0},"branches":{"total":1,"covered":0,"skipped":0,"pct":0}}
,"D:\\Career\\webnovel_pro\\obsidian-webnovel-assistant-main\\src\\core\\PluginBootstrapper.ts": {"lines":{"total":471,"covered":397,"skipped":0,"pct":84.28},"functions":{"total":19,"covered":19,"skipped":0,"pct":100},"statements":{"total":471,"covered":397,"skipped":0,"pct":84.28},"branches":{"total":108,"covered":93,"skipped":0,"pct":86.11}}
,"D:\\Career\\webnovel_pro\\obsidian-webnovel-assistant-main\\src\\core\\ServiceRegistry.ts": {"lines":{"total":45,"covered":39,"skipped":0,"pct":86.66},"functions":{"total":7,"covered":7,"skipped":0,"pct":100},"statements":{"total":45,"covered":39,"skipped":0,"pct":86.66},"branches":{"total":14,"covered":11,"skipped":0,"pct":78.57}}
,"D:\\Career\\webnovel_pro\\obsidian-webnovel-assistant-main\\src\\core\\SettingsManager.ts": {"lines":{"total":367,"covered":267,"skipped":0,"pct":72.75},"functions":{"total":27,"covered":22,"skipped":0,"pct":81.48},"statements":{"total":367,"covered":267,"skipped":0,"pct":72.75},"branches":{"total":70,"covered":47,"skipped":0,"pct":67.14}}
,"D:\\Career\\webnovel_pro\\obsidian-webnovel-assistant-main\\src\\core\\ViewManager.ts": {"lines":{"total":105,"covered":36,"skipped":0,"pct":34.28},"functions":{"total":4,"covered":2,"skipped":0,"pct":50},"statements":{"total":105,"covered":36,"skipped":0,"pct":34.28},"branches":{"total":3,"covered":3,"skipped":0,"pct":100}}
,"D:\\Career\\webnovel_pro\\obsidian-webnovel-assistant-main\\src\\services\\AdaptiveDebounceManager.ts": {"lines":{"total":89,"covered":69,"skipped":0,"pct":77.52},"functions":{"total":8,"covered":5,"skipped":0,"pct":62.5},"statements":{"total":89,"covered":69,"skipped":0,"pct":77.52},"branches":{"total":19,"covered":16,"skipped":0,"pct":84.21}}
,"D:\\Career\\webnovel_pro\\obsidian-webnovel-assistant-main\\src\\services\\CacheManager.ts": {"lines":{"total":449,"covered":316,"skipped":0,"pct":70.37},"functions":{"total":28,"covered":25,"skipped":0,"pct":89.28},"statements":{"total":449,"covered":316,"skipped":0,"pct":70.37},"branches":{"total":134,"covered":94,"skipped":0,"pct":70.14}}
,"D:\\Career\\webnovel_pro\\obsidian-webnovel-assistant-main\\src\\services\\ChapterMergeManager.ts": {"lines":{"total":237,"covered":163,"skipped":0,"pct":68.77},"functions":{"total":14,"covered":11,"skipped":0,"pct":78.57},"statements":{"total":237,"covered":163,"skipped":0,"pct":68.77},"branches":{"total":48,"covered":30,"skipped":0,"pct":62.5}}
,"D:\\Career\\webnovel_pro\\obsidian-webnovel-assistant-main\\src\\services\\ChapterSorter.ts": {"lines":{"total":594,"covered":540,"skipped":0,"pct":90.9},"functions":{"total":28,"covered":28,"skipped":0,"pct":100},"statements":{"total":594,"covered":540,"skipped":0,"pct":90.9},"branches":{"total":289,"covered":233,"skipped":0,"pct":80.62}}
,"D:\\Career\\webnovel_pro\\obsidian-webnovel-assistant-main\\src\\services\\ChapterSplitter.ts": {"lines":{"total":378,"covered":324,"skipped":0,"pct":85.71},"functions":{"total":9,"covered":9,"skipped":0,"pct":100},"statements":{"total":378,"covered":324,"skipped":0,"pct":85.71},"branches":{"total":149,"covered":124,"skipped":0,"pct":83.22}}
,"D:\\Career\\webnovel_pro\\obsidian-webnovel-assistant-main\\src\\services\\CharacterManager.ts": {"lines":{"total":775,"covered":531,"skipped":0,"pct":68.51},"functions":{"total":32,"covered":25,"skipped":0,"pct":78.12},"statements":{"total":775,"covered":531,"skipped":0,"pct":68.51},"branches":{"total":168,"covered":114,"skipped":0,"pct":67.85}}
,"D:\\Career\\webnovel_pro\\obsidian-webnovel-assistant-main\\src\\services\\EditorTracker.ts": {"lines":{"total":113,"covered":83,"skipped":0,"pct":73.45},"functions":{"total":5,"covered":5,"skipped":0,"pct":100},"statements":{"total":113,"covered":83,"skipped":0,"pct":73.45},"branches":{"total":35,"covered":22,"skipped":0,"pct":62.85}}
,"D:\\Career\\webnovel_pro\\obsidian-webnovel-assistant-main\\src\\services\\FileEventManager.ts": {"lines":{"total":182,"covered":133,"skipped":0,"pct":73.07},"functions":{"total":6,"covered":6,"skipped":0,"pct":100},"statements":{"total":182,"covered":133,"skipped":0,"pct":73.07},"branches":{"total":54,"covered":42,"skipped":0,"pct":77.77}}
,"D:\\Career\\webnovel_pro\\obsidian-webnovel-assistant-main\\src\\services\\FileExplorerPatcher.ts": {"lines":{"total":886,"covered":533,"skipped":0,"pct":60.15},"functions":{"total":42,"covered":32,"skipped":0,"pct":76.19},"statements":{"total":886,"covered":533,"skipped":0,"pct":60.15},"branches":{"total":198,"covered":119,"skipped":0,"pct":60.1}}
,"D:\\Career\\webnovel_pro\\obsidian-webnovel-assistant-main\\src\\services\\ForceLayoutEngine.ts": {"lines":{"total":136,"covered":90,"skipped":0,"pct":66.17},"functions":{"total":11,"covered":9,"skipped":0,"pct":81.81},"statements":{"total":136,"covered":90,"skipped":0,"pct":66.17},"branches":{"total":26,"covered":15,"skipped":0,"pct":57.69}}
,"D:\\Career\\webnovel_pro\\obsidian-webnovel-assistant-main\\src\\services\\ForeshadowingManager.ts": {"lines":{"total":415,"covered":204,"skipped":0,"pct":49.15},"functions":{"total":21,"covered":13,"skipped":0,"pct":61.9},"statements":{"total":415,"covered":204,"skipped":0,"pct":49.15},"branches":{"total":51,"covered":36,"skipped":0,"pct":70.58}}
,"D:\\Career\\webnovel_pro\\obsidian-webnovel-assistant-main\\src\\services\\HistoryDataManager.ts": {"lines":{"total":207,"covered":159,"skipped":0,"pct":76.81},"functions":{"total":28,"covered":22,"skipped":0,"pct":78.57},"statements":{"total":207,"covered":159,"skipped":0,"pct":76.81},"branches":{"total":51,"covered":44,"skipped":0,"pct":86.27}}
,"D:\\Career\\webnovel_pro\\obsidian-webnovel-assistant-main\\src\\services\\HomepageManager.ts": {"lines":{"total":375,"covered":43,"skipped":0,"pct":11.46},"functions":{"total":21,"covered":1,"skipped":0,"pct":4.76},"statements":{"total":375,"covered":43,"skipped":0,"pct":11.46},"branches":{"total":1,"covered":1,"skipped":0,"pct":100}}
,"D:\\Career\\webnovel_pro\\obsidian-webnovel-assistant-main\\src\\services\\LoreSyncService.ts": {"lines":{"total":165,"covered":126,"skipped":0,"pct":76.36},"functions":{"total":7,"covered":6,"skipped":0,"pct":85.71},"statements":{"total":165,"covered":126,"skipped":0,"pct":76.36},"branches":{"total":53,"covered":44,"skipped":0,"pct":83.01}}
,"D:\\Career\\webnovel_pro\\obsidian-webnovel-assistant-main\\src\\services\\MarkdownPostProcessor.ts": {"lines":{"total":100,"covered":13,"skipped":0,"pct":13},"functions":{"total":4,"covered":1,"skipped":0,"pct":25},"statements":{"total":100,"covered":13,"skipped":0,"pct":13},"branches":{"total":1,"covered":1,"skipped":0,"pct":100}}
,"D:\\Career\\webnovel_pro\\obsidian-webnovel-assistant-main\\src\\services\\ObsHtmlBuilder.ts": {"lines":{"total":103,"covered":0,"skipped":0,"pct":0},"functions":{"total":1,"covered":0,"skipped":0,"pct":0},"statements":{"total":103,"covered":0,"skipped":0,"pct":0},"branches":{"total":1,"covered":0,"skipped":0,"pct":0}}
,"D:\\Career\\webnovel_pro\\obsidian-webnovel-assistant-main\\src\\services\\ObsServer.ts": {"lines":{"total":106,"covered":0,"skipped":0,"pct":0},"functions":{"total":1,"covered":0,"skipped":0,"pct":0},"statements":{"total":106,"covered":0,"skipped":0,"pct":0},"branches":{"total":1,"covered":0,"skipped":0,"pct":0}}
,"D:\\Career\\webnovel_pro\\obsidian-webnovel-assistant-main\\src\\services\\ObsidianInternals.ts": {"lines":{"total":46,"covered":31,"skipped":0,"pct":67.39},"functions":{"total":4,"covered":3,"skipped":0,"pct":75},"statements":{"total":46,"covered":31,"skipped":0,"pct":67.39},"branches":{"total":19,"covered":10,"skipped":0,"pct":52.63}}
,"D:\\Career\\webnovel_pro\\obsidian-webnovel-assistant-main\\src\\services\\ProofreadingManager.ts": {"lines":{"total":1553,"covered":1322,"skipped":0,"pct":85.12},"functions":{"total":58,"covered":56,"skipped":0,"pct":96.55},"statements":{"total":1553,"covered":1322,"skipped":0,"pct":85.12},"branches":{"total":499,"covered":373,"skipped":0,"pct":74.74}}
,"D:\\Career\\webnovel_pro\\obsidian-webnovel-assistant-main\\src\\services\\RelationGraphManager.ts": {"lines":{"total":483,"covered":260,"skipped":0,"pct":53.83},"functions":{"total":8,"covered":7,"skipped":0,"pct":87.5},"statements":{"total":483,"covered":260,"skipped":0,"pct":53.83},"branches":{"total":91,"covered":71,"skipped":0,"pct":78.02}}
,"D:\\Career\\webnovel_pro\\obsidian-webnovel-assistant-main\\src\\services\\StatisticsManager.ts": {"lines":{"total":209,"covered":94,"skipped":0,"pct":44.97},"functions":{"total":12,"covered":4,"skipped":0,"pct":33.33},"statements":{"total":209,"covered":94,"skipped":0,"pct":44.97},"branches":{"total":20,"covered":7,"skipped":0,"pct":35}}
,"D:\\Career\\webnovel_pro\\obsidian-webnovel-assistant-main\\src\\services\\StickyNoteDataManager.ts": {"lines":{"total":176,"covered":106,"skipped":0,"pct":60.22},"functions":{"total":20,"covered":14,"skipped":0,"pct":70},"statements":{"total":176,"covered":106,"skipped":0,"pct":60.22},"branches":{"total":30,"covered":23,"skipped":0,"pct":76.66}}
,"D:\\Career\\webnovel_pro\\obsidian-webnovel-assistant-main\\src\\services\\StyleManager.ts": {"lines":{"total":89,"covered":89,"skipped":0,"pct":100},"functions":{"total":10,"covered":10,"skipped":0,"pct":100},"statements":{"total":89,"covered":89,"skipped":0,"pct":100},"branches":{"total":32,"covered":24,"skipped":0,"pct":75}}
,"D:\\Career\\webnovel_pro\\obsidian-webnovel-assistant-main\\src\\services\\TaskManager.ts": {"lines":{"total":229,"covered":197,"skipped":0,"pct":86.02},"functions":{"total":19,"covered":16,"skipped":0,"pct":84.21},"statements":{"total":229,"covered":197,"skipped":0,"pct":86.02},"branches":{"total":90,"covered":55,"skipped":0,"pct":61.11}}
,"D:\\Career\\webnovel_pro\\obsidian-webnovel-assistant-main\\src\\services\\TextSplitter.ts": {"lines":{"total":306,"covered":220,"skipped":0,"pct":71.89},"functions":{"total":6,"covered":6,"skipped":0,"pct":100},"statements":{"total":306,"covered":220,"skipped":0,"pct":71.89},"branches":{"total":91,"covered":60,"skipped":0,"pct":65.93}}
,"D:\\Career\\webnovel_pro\\obsidian-webnovel-assistant-main\\src\\services\\TimelineManager.ts": {"lines":{"total":561,"covered":437,"skipped":0,"pct":77.89},"functions":{"total":23,"covered":22,"skipped":0,"pct":95.65},"statements":{"total":561,"covered":437,"skipped":0,"pct":77.89},"branches":{"total":176,"covered":135,"skipped":0,"pct":76.7}}
,"D:\\Career\\webnovel_pro\\obsidian-webnovel-assistant-main\\src\\services\\TypographyManager.ts": {"lines":{"total":244,"covered":219,"skipped":0,"pct":89.75},"functions":{"total":12,"covered":12,"skipped":0,"pct":100},"statements":{"total":244,"covered":219,"skipped":0,"pct":89.75},"branches":{"total":101,"covered":70,"skipped":0,"pct":69.3}}
,"D:\\Career\\webnovel_pro\\obsidian-webnovel-assistant-main\\src\\services\\WordCounter.ts": {"lines":{"total":80,"covered":60,"skipped":0,"pct":75},"functions":{"total":5,"covered":4,"skipped":0,"pct":80},"statements":{"total":80,"covered":60,"skipped":0,"pct":75},"branches":{"total":16,"covered":16,"skipped":0,"pct":100}}
,"D:\\Career\\webnovel_pro\\obsidian-webnovel-assistant-main\\src\\services\\WorkbenchFilterIndex.ts": {"lines":{"total":158,"covered":150,"skipped":0,"pct":94.93},"functions":{"total":14,"covered":13,"skipped":0,"pct":92.85},"statements":{"total":158,"covered":150,"skipped":0,"pct":94.93},"branches":{"total":62,"covered":52,"skipped":0,"pct":83.87}}
,"D:\\Career\\webnovel_pro\\obsidian-webnovel-assistant-main\\src\\services\\WorkerManager.ts": {"lines":{"total":151,"covered":99,"skipped":0,"pct":65.56},"functions":{"total":11,"covered":7,"skipped":0,"pct":63.63},"statements":{"total":151,"covered":99,"skipped":0,"pct":65.56},"branches":{"total":23,"covered":11,"skipped":0,"pct":47.82}}
,"D:\\Career\\webnovel_pro\\obsidian-webnovel-assistant-main\\src\\services\\WritingJourneyService.ts": {"lines":{"total":514,"covered":457,"skipped":0,"pct":88.91},"functions":{"total":35,"covered":34,"skipped":0,"pct":97.14},"statements":{"total":514,"covered":457,"skipped":0,"pct":88.91},"branches":{"total":187,"covered":146,"skipped":0,"pct":78.07}}
,"D:\\Career\\webnovel_pro\\obsidian-webnovel-assistant-main\\src\\services\\proofreading\\AhoCorasick.ts": {"lines":{"total":213,"covered":207,"skipped":0,"pct":97.18},"functions":{"total":6,"covered":6,"skipped":0,"pct":100},"statements":{"total":213,"covered":207,"skipped":0,"pct":97.18},"branches":{"total":70,"covered":58,"skipped":0,"pct":82.85}}
,"D:\\Career\\webnovel_pro\\obsidian-webnovel-assistant-main\\src\\services\\proofreading\\DeDiDeRule.ts": {"lines":{"total":187,"covered":178,"skipped":0,"pct":95.18},"functions":{"total":16,"covered":16,"skipped":0,"pct":100},"statements":{"total":187,"covered":178,"skipped":0,"pct":95.18},"branches":{"total":70,"covered":61,"skipped":0,"pct":87.14}}
,"D:\\Career\\webnovel_pro\\obsidian-webnovel-assistant-main\\src\\services\\proofreading\\MarkdownExclusion.ts": {"lines":{"total":107,"covered":95,"skipped":0,"pct":88.78},"functions":{"total":3,"covered":3,"skipped":0,"pct":100},"statements":{"total":107,"covered":95,"skipped":0,"pct":88.78},"branches":{"total":36,"covered":28,"skipped":0,"pct":77.77}}
,"D:\\Career\\webnovel_pro\\obsidian-webnovel-assistant-main\\src\\services\\proofreading\\PunctuationRule.ts": {"lines":{"total":262,"covered":262,"skipped":0,"pct":100},"functions":{"total":5,"covered":5,"skipped":0,"pct":100},"statements":{"total":262,"covered":262,"skipped":0,"pct":100},"branches":{"total":91,"covered":86,"skipped":0,"pct":94.5}}
,"D:\\Career\\webnovel_pro\\obsidian-webnovel-assistant-main\\src\\services\\proofreading\\tableParser.ts": {"lines":{"total":322,"covered":289,"skipped":0,"pct":89.75},"functions":{"total":12,"covered":12,"skipped":0,"pct":100},"statements":{"total":322,"covered":289,"skipped":0,"pct":89.75},"branches":{"total":143,"covered":119,"skipped":0,"pct":83.21}}
,"D:\\Career\\webnovel_pro\\obsidian-webnovel-assistant-main\\src\\utils\\DraggableListHelper.ts": {"lines":{"total":64,"covered":14,"skipped":0,"pct":21.87},"functions":{"total":5,"covered":1,"skipped":0,"pct":20},"statements":{"total":64,"covered":14,"skipped":0,"pct":21.87},"branches":{"total":1,"covered":1,"skipped":0,"pct":100}}
,"D:\\Career\\webnovel_pro\\obsidian-webnovel-assistant-main\\src\\utils\\ForeshadowingParser.ts": {"lines":{"total":325,"covered":240,"skipped":0,"pct":73.84},"functions":{"total":5,"covered":5,"skipped":0,"pct":100},"statements":{"total":325,"covered":240,"skipped":0,"pct":73.84},"branches":{"total":93,"covered":58,"skipped":0,"pct":62.36}}
,"D:\\Career\\webnovel_pro\\obsidian-webnovel-assistant-main\\src\\utils\\JsonSnapshotStore.ts": {"lines":{"total":207,"covered":186,"skipped":0,"pct":89.85},"functions":{"total":14,"covered":12,"skipped":0,"pct":85.71},"statements":{"total":207,"covered":186,"skipped":0,"pct":89.85},"branches":{"total":70,"covered":58,"skipped":0,"pct":82.85}}
,"D:\\Career\\webnovel_pro\\obsidian-webnovel-assistant-main\\src\\utils\\Logger.ts": {"lines":{"total":29,"covered":21,"skipped":0,"pct":72.41},"functions":{"total":7,"covered":6,"skipped":0,"pct":85.71},"statements":{"total":29,"covered":21,"skipped":0,"pct":72.41},"branches":{"total":15,"covered":11,"skipped":0,"pct":73.33}}
,"D:\\Career\\webnovel_pro\\obsidian-webnovel-assistant-main\\src\\utils\\SerializedWriter.ts": {"lines":{"total":32,"covered":24,"skipped":0,"pct":75},"functions":{"total":5,"covered":2,"skipped":0,"pct":40},"statements":{"total":32,"covered":24,"skipped":0,"pct":75},"branches":{"total":5,"covered":4,"skipped":0,"pct":80}}
,"D:\\Career\\webnovel_pro\\obsidian-webnovel-assistant-main\\src\\utils\\TouchDragPolyfill.ts": {"lines":{"total":156,"covered":38,"skipped":0,"pct":24.35},"functions":{"total":13,"covered":1,"skipped":0,"pct":7.69},"statements":{"total":156,"covered":38,"skipped":0,"pct":24.35},"branches":{"total":1,"covered":1,"skipped":0,"pct":100}}
,"D:\\Career\\webnovel_pro\\obsidian-webnovel-assistant-main\\src\\utils\\badge.ts": {"lines":{"total":207,"covered":9,"skipped":0,"pct":4.34},"functions":{"total":5,"covered":0,"skipped":0,"pct":0},"statements":{"total":207,"covered":9,"skipped":0,"pct":4.34},"branches":{"total":0,"covered":0,"skipped":0,"pct":100}}
,"D:\\Career\\webnovel_pro\\obsidian-webnovel-assistant-main\\src\\utils\\chapterDisplayOrder.ts": {"lines":{"total":146,"covered":135,"skipped":0,"pct":92.46},"functions":{"total":4,"covered":4,"skipped":0,"pct":100},"statements":{"total":146,"covered":135,"skipped":0,"pct":92.46},"branches":{"total":106,"covered":95,"skipped":0,"pct":89.62}}
,"D:\\Career\\webnovel_pro\\obsidian-webnovel-assistant-main\\src\\utils\\dom.ts": {"lines":{"total":19,"covered":10,"skipped":0,"pct":52.63},"functions":{"total":3,"covered":2,"skipped":0,"pct":66.66},"statements":{"total":19,"covered":10,"skipped":0,"pct":52.63},"branches":{"total":2,"covered":2,"skipped":0,"pct":100}}
,"D:\\Career\\webnovel_pro\\obsidian-webnovel-assistant-main\\src\\utils\\format.ts": {"lines":{"total":33,"covered":19,"skipped":0,"pct":57.57},"functions":{"total":3,"covered":2,"skipped":0,"pct":66.66},"statements":{"total":33,"covered":19,"skipped":0,"pct":57.57},"branches":{"total":8,"covered":3,"skipped":0,"pct":37.5}}
,"D:\\Career\\webnovel_pro\\obsidian-webnovel-assistant-main\\src\\utils\\index.ts": {"lines":{"total":9,"covered":9,"skipped":0,"pct":100},"functions":{"total":0,"covered":0,"skipped":0,"pct":100},"statements":{"total":9,"covered":9,"skipped":0,"pct":100},"branches":{"total":0,"covered":0,"skipped":0,"pct":100}}
,"D:\\Career\\webnovel_pro\\obsidian-webnovel-assistant-main\\src\\utils\\leaf.ts": {"lines":{"total":630,"covered":409,"skipped":0,"pct":64.92},"functions":{"total":16,"covered":14,"skipped":0,"pct":87.5},"statements":{"total":630,"covered":409,"skipped":0,"pct":64.92},"branches":{"total":192,"covered":147,"skipped":0,"pct":76.56}}
,"D:\\Career\\webnovel_pro\\obsidian-webnovel-assistant-main\\src\\utils\\path.ts": {"lines":{"total":134,"covered":106,"skipped":0,"pct":79.1},"functions":{"total":5,"covered":5,"skipped":0,"pct":100},"statements":{"total":134,"covered":106,"skipped":0,"pct":79.1},"branches":{"total":67,"covered":52,"skipped":0,"pct":77.61}}
,"D:\\Career\\webnovel_pro\\obsidian-webnovel-assistant-main\\src\\utils\\platform.ts": {"lines":{"total":22,"covered":12,"skipped":0,"pct":54.54},"functions":{"total":5,"covered":4,"skipped":0,"pct":80},"statements":{"total":22,"covered":12,"skipped":0,"pct":54.54},"branches":{"total":6,"covered":4,"skipped":0,"pct":66.66}}
,"D:\\Career\\webnovel_pro\\obsidian-webnovel-assistant-main\\src\\utils\\preciseTextHighlight.ts": {"lines":{"total":371,"covered":321,"skipped":0,"pct":86.52},"functions":{"total":18,"covered":14,"skipped":0,"pct":77.77},"statements":{"total":371,"covered":321,"skipped":0,"pct":86.52},"branches":{"total":123,"covered":101,"skipped":0,"pct":82.11}}
,"D:\\Career\\webnovel_pro\\obsidian-webnovel-assistant-main\\src\\utils\\proofreadingHelpers.ts": {"lines":{"total":168,"covered":164,"skipped":0,"pct":97.61},"functions":{"total":7,"covered":7,"skipped":0,"pct":100},"statements":{"total":168,"covered":164,"skipped":0,"pct":97.61},"branches":{"total":94,"covered":76,"skipped":0,"pct":80.85}}
,"D:\\Career\\webnovel_pro\\obsidian-webnovel-assistant-main\\src\\utils\\softBreakIndent.ts": {"lines":{"total":26,"covered":26,"skipped":0,"pct":100},"functions":{"total":1,"covered":1,"skipped":0,"pct":100},"statements":{"total":26,"covered":26,"skipped":0,"pct":100},"branches":{"total":12,"covered":12,"skipped":0,"pct":100}}
,"D:\\Career\\webnovel_pro\\obsidian-webnovel-assistant-main\\src\\utils\\template.ts": {"lines":{"total":68,"covered":66,"skipped":0,"pct":97.05},"functions":{"total":4,"covered":4,"skipped":0,"pct":100},"statements":{"total":68,"covered":66,"skipped":0,"pct":97.05},"branches":{"total":26,"covered":26,"skipped":0,"pct":100}}
,"D:\\Career\\webnovel_pro\\obsidian-webnovel-assistant-main\\src\\utils\\ui.ts": {"lines":{"total":26,"covered":4,"skipped":0,"pct":15.38},"functions":{"total":1,"covered":0,"skipped":0,"pct":0},"statements":{"total":26,"covered":4,"skipped":0,"pct":15.38},"branches":{"total":0,"covered":0,"skipped":0,"pct":100}}
,"D:\\Career\\webnovel_pro\\obsidian-webnovel-assistant-main\\src\\utils\\validation.ts": {"lines":{"total":55,"covered":55,"skipped":0,"pct":100},"functions":{"total":8,"covered":8,"skipped":0,"pct":100},"statements":{"total":55,"covered":55,"skipped":0,"pct":100},"branches":{"total":27,"covered":27,"skipped":0,"pct":100}}
}
